  akariadv.c
C:\Users\ancie\Dropbox\development\AkariAdventureConsole\AkariAdventure\akariadv.c(139,8): warning C4101: 'dbg_pos': unreferenced local variable
C:\Users\ancie\Dropbox\development\AkariAdventureConsole\AkariAdventure\akariadv.c(356,8): warning C4101: 'routine': unreferenced local variable
C:\Users\ancie\Dropbox\development\AkariAdventureConsole\AkariAdventure\akariadv.c(355,6): warning C4101: 'shuffled_indexes': unreferenced local variable
C:\Users\ancie\Dropbox\development\AkariAdventureConsole\AkariAdventure\akariadv.c(675,10): warning C4473: 'scanf_s' : not enough arguments passed for format string
C:\Users\ancie\Dropbox\development\AkariAdventureConsole\AkariAdventure\akariadv.c(675,10): message : placeholders and their parameters expect 4 variadic arguments, but 1 were provided
C:\Users\ancie\Dropbox\development\AkariAdventureConsole\AkariAdventure\akariadv.c(675,10): message : the missing variadic argument 2 is required by format string '%c'
C:\Users\ancie\Dropbox\development\AkariAdventureConsole\AkariAdventure\akariadv.c(675,10): message : this argument is used as a buffer size
C:\Users\ancie\Dropbox\development\AkariAdventureConsole\AkariAdventure\akariadv.c(686,10): warning C4473: 'scanf_s' : not enough arguments passed for format string
C:\Users\ancie\Dropbox\development\AkariAdventureConsole\AkariAdventure\akariadv.c(686,10): message : placeholders and their parameters expect 4 variadic arguments, but 1 were provided
C:\Users\ancie\Dropbox\development\AkariAdventureConsole\AkariAdventure\akariadv.c(686,10): message : the missing variadic argument 2 is required by format string '%c'
C:\Users\ancie\Dropbox\development\AkariAdventureConsole\AkariAdventure\akariadv.c(686,10): message : this argument is used as a buffer size
C:\Users\ancie\Dropbox\development\AkariAdventureConsole\AkariAdventure\akariadv.c(693,7): warning C4101: 'new_servant': unreferenced local variable
C:\Users\ancie\Dropbox\development\AkariAdventureConsole\AkariAdventure\akariadv.c(756,10): warning C4473: 'scanf_s' : not enough arguments passed for format string
C:\Users\ancie\Dropbox\development\AkariAdventureConsole\AkariAdventure\akariadv.c(756,10): message : placeholders and their parameters expect 4 variadic arguments, but 1 were provided
C:\Users\ancie\Dropbox\development\AkariAdventureConsole\AkariAdventure\akariadv.c(756,10): message : the missing variadic argument 2 is required by format string '%c'
C:\Users\ancie\Dropbox\development\AkariAdventureConsole\AkariAdventure\akariadv.c(756,10): message : this argument is used as a buffer size
C:\Users\ancie\Dropbox\development\AkariAdventureConsole\AkariAdventure\akariadv.c(1079,42): warning C4047: 'function': 'int *' differs in levels of indirection from 'int (*)[4]'
C:\Users\ancie\Dropbox\development\AkariAdventureConsole\AkariAdventure\akariadv.c(1079,21): warning C4024: 'set_attack_lights': different types for formal and actual parameter 1
  main.c
C:\Users\ancie\Dropbox\development\AkariAdventureConsole\AkariAdventure\main.c(5,7): warning C4013: 'srand' undefined; assuming extern returning int
C:\Users\ancie\Dropbox\development\AkariAdventureConsole\AkariAdventure\main.c(5,26): warning C4013: 'time' undefined; assuming extern returning int
  Generating code
  Previous IPDB not found, fall back to full compilation.
  All 33 functions were compiled because no usable IPDB/IOBJ from previous compilation was found.
  Finished generating code
  AkariAdventure.vcxproj -> C:\Users\ancie\Dropbox\development\AkariAdventureConsole\AkariAdventure\x64\Release\AkariAdventure.exe
